2018-10-26 at 13:37:02 CST INFO  org.springframework.boot.StartupInfoLogger 50 logStarting - Starting MutilDataSourceApplication on DESKTOP-SI98SU1 with PID 2728 (E:\ideaWorkspace\mutil-data-source\target\classes started by caozhen in E:\ideaWorkspace\mutil-data-source)
2018-10-26 at 13:37:02 CST INFO  org.springframework.boot.SpringApplication 654 logStartupProfileInfo - No active profile set, falling back to default profiles: default
2018-10-26 at 13:37:02 CST INFO  org.springframework.context.support.AbstractApplicationContext 588 prepareRefresh - Refreshing org.springframework.boot.web.servlet.context.AnnotationConfigServletWebServerApplicationContext@6f80fafe: startup date [Fri Oct 26 13:37:02 CST 2018]; root of context hierarchy
2018-10-26 at 13:37:03 CST INFO  org.springframework.context.support.PostProcessorRegistrationDelegate$BeanPostProcessorChecker 326 postProcessAfterInitialization - Bean 'org.springframework.transaction.annotation.ProxyTransactionManagementConfiguration' of type [org.springframework.transaction.annotation.ProxyTransactionManagementConfiguration$$EnhancerBySpringCGLIB$$c34d2657] is not eligible for getting processed by all BeanPostProcessors (for example: not eligible for auto-proxying)
2018-10-26 at 13:37:04 CST INFO  org.springframework.boot.web.embedded.tomcat.TomcatWebServer 91 initialize - Tomcat initialized with port(s): 8080 (http)
2018-10-26 at 13:37:04 CST INFO  org.apache.juli.logging.DirectJDKLog 180 log - Initializing ProtocolHandler ["http-nio-8080"]
2018-10-26 at 13:37:04 CST INFO  org.apache.juli.logging.DirectJDKLog 180 log - Starting service [Tomcat]
2018-10-26 at 13:37:04 CST INFO  org.apache.juli.logging.DirectJDKLog 180 log - Starting Servlet Engine: Apache Tomcat/8.5.34
2018-10-26 at 13:37:04 CST INFO  org.apache.juli.logging.DirectJDKLog 180 log - The APR based Apache Tomcat Native library which allows optimal performance in production environments was not found on the java.library.path: [C:\Program Files\Java\jdk1.8.0_152\bin;C:\WINDOWS\Sun\Java\bin;C:\WINDOWS\system32;C:\WINDOWS;C:\ProgramData\Oracle\Java\javapath;C:\Program Files (x86)\Intel\Intel(R) Management Engine Components\iCLS\;C:\Program Files\Intel\Intel(R) Management Engine Components\iCLS\;C:\Windows\system32;C:\Windows;C:\Windows\System32\Wbem;C:\Windows\System32\WindowsPowerShell\v1.0\;C:\Program Files (x86)\Intel\Intel(R) Management Engine Components\DAL;C:\Program Files\Intel\Intel(R) Management Engine Components\DAL;C:\Program Files (x86)\Intel\Intel(R) Management Engine Components\IPT;C:\Program Files\Intel\Intel(R) Management Engine Components\IPT;C:\Program Files (x86)\NVIDIA Corporation\PhysX\Common;C:\WINDOWS\system32;C:\WINDOWS;C:\WINDOWS\System32\Wbem;C:\WINDOWS\System32\WindowsPowerShell\v1.0\;C:\Program Files\TortoiseSVN\bin;"C:\Program Files\Java\jdk1.8.0_152\bin;C:\Program Files\Java\jdk1.8.0_152\jre\bin";C:\Program Files (x86)\Pandoc\;E:\soft\ideaIU-2017.3.5.win\plugins\maven\lib\maven3\bin;C:\Program Files\TortoiseGit\bin;C:\Program Files\Git\cmd;C:\WINDOWS\System32\OpenSSH\;C:\Users\caozhen\AppData\Local\Microsoft\WindowsApps;;.]
2018-10-26 at 13:37:04 CST INFO  org.apache.juli.logging.DirectJDKLog 180 log - Initializing Spring embedded WebApplicationContext
2018-10-26 at 13:37:04 CST INFO  org.springframework.boot.web.servlet.context.ServletWebServerApplicationContext 285 prepareWebApplicationContext - Root WebApplicationContext: initialization completed in 1975 ms
2018-10-26 at 13:37:04 CST INFO  org.springframework.boot.web.servlet.ServletRegistrationBean 187 addRegistration - Servlet dispatcherServlet mapped to [/]
2018-10-26 at 13:37:04 CST INFO  org.springframework.boot.web.servlet.AbstractFilterRegistrationBean 245 configure - Mapping filter: 'characterEncodingFilter' to: [/*]
2018-10-26 at 13:37:05 CST INFO  org.springframework.web.servlet.handler.AbstractHandlerMethodMapping$MappingRegistry 549 register - Mapped "{[/api/v1/alarms/{id}],methods=[DELETE]}" onto public com.code.base.util.utils.RestResponse com.cz.mutildatasource.controller.AlarmController.doDelete(java.lang.Long)
2018-10-26 at 13:37:05 CST INFO  org.springframework.web.servlet.handler.AbstractHandlerMethodMapping$MappingRegistry 549 register - Mapped "{[/api/v1/alarms],methods=[GET]}" onto public com.code.base.util.utils.RestResponse<com.github.pagehelper.PageInfo> com.cz.mutildatasource.controller.AlarmController.getList(java.lang.Integer,java.lang.Integer)
2018-10-26 at 13:37:05 CST INFO  org.springframework.web.servlet.handler.AbstractHandlerMethodMapping$MappingRegistry 549 register - Mapped "{[/api/v1/alarms/{id}],methods=[PUT]}" onto public com.code.base.util.utils.RestResponse com.cz.mutildatasource.controller.AlarmController.doUpdate(java.lang.Long,com.cz.mutildatasource.entity.Alarm)
2018-10-26 at 13:37:05 CST INFO  org.springframework.web.servlet.handler.AbstractHandlerMethodMapping$MappingRegistry 549 register - Mapped "{[/api/v1/alarms/],methods=[POST]}" onto public com.code.base.util.utils.RestResponse com.cz.mutildatasource.controller.AlarmController.doAdd(com.cz.mutildatasource.entity.Alarm)
2018-10-26 at 13:37:05 CST INFO  org.springframework.web.servlet.handler.AbstractHandlerMethodMapping$MappingRegistry 549 register - Mapped "{[/api/v1/alarms/{id}],methods=[GET]}" onto public com.code.base.util.utils.RestResponse<com.cz.mutildatasource.entity.Alarm> com.cz.mutildatasource.controller.AlarmController.doGetDetail(java.lang.Long)
2018-10-26 at 13:37:05 CST INFO  org.springframework.web.servlet.handler.AbstractHandlerMethodMapping$MappingRegistry 549 register - Mapped "{[/api/v1/devices/{id}],methods=[DELETE]}" onto public com.code.base.util.utils.RestResponse com.cz.mutildatasource.controller.DeviceController.doDelete(java.lang.Long)
2018-10-26 at 13:37:05 CST INFO  org.springframework.web.servlet.handler.AbstractHandlerMethodMapping$MappingRegistry 549 register - Mapped "{[/api/v1/devices],methods=[GET]}" onto public com.code.base.util.utils.RestResponse<com.github.pagehelper.PageInfo> com.cz.mutildatasource.controller.DeviceController.getList(java.lang.Integer,java.lang.Integer)
2018-10-26 at 13:37:05 CST INFO  org.springframework.web.servlet.handler.AbstractHandlerMethodMapping$MappingRegistry 549 register - Mapped "{[/api/v1/devices/{id}],methods=[PUT]}" onto public com.code.base.util.utils.RestResponse com.cz.mutildatasource.controller.DeviceController.doUpdate(java.lang.Long,com.cz.mutildatasource.entity.Device)
2018-10-26 at 13:37:05 CST INFO  org.springframework.web.servlet.handler.AbstractHandlerMethodMapping$MappingRegistry 549 register - Mapped "{[/api/v1/devices/],methods=[POST]}" onto public com.code.base.util.utils.RestResponse com.cz.mutildatasource.controller.DeviceController.doAdd(com.cz.mutildatasource.entity.Device)
2018-10-26 at 13:37:05 CST INFO  org.springframework.web.servlet.handler.AbstractHandlerMethodMapping$MappingRegistry 549 register - Mapped "{[/api/v1/devices/{id}],methods=[GET]}" onto public com.code.base.util.utils.RestResponse<com.cz.mutildatasource.entity.Device> com.cz.mutildatasource.controller.DeviceController.doGetDetail(java.lang.Long)
2018-10-26 at 13:37:05 CST INFO  org.springframework.web.servlet.handler.AbstractHandlerMethodMapping$MappingRegistry 549 register - Mapped "{[/swagger-resources/configuration/security]}" onto public org.springframework.http.ResponseEntity<springfox.documentation.swagger.web.SecurityConfiguration> springfox.documentation.swagger.web.ApiResourceController.securityConfiguration()
2018-10-26 at 13:37:05 CST INFO  org.springframework.web.servlet.handler.AbstractHandlerMethodMapping$MappingRegistry 549 register - Mapped "{[/swagger-resources]}" onto public org.springframework.http.ResponseEntity<java.util.List<springfox.documentation.swagger.web.SwaggerResource>> springfox.documentation.swagger.web.ApiResourceController.swaggerResources()
2018-10-26 at 13:37:05 CST INFO  org.springframework.web.servlet.handler.AbstractHandlerMethodMapping$MappingRegistry 549 register - Mapped "{[/swagger-resources/configuration/ui]}" onto public org.springframework.http.ResponseEntity<springfox.documentation.swagger.web.UiConfiguration> springfox.documentation.swagger.web.ApiResourceController.uiConfiguration()
2018-10-26 at 13:37:05 CST INFO  org.springframework.web.servlet.handler.AbstractHandlerMethodMapping$MappingRegistry 549 register - Mapped "{[/error]}" onto public org.springframework.http.ResponseEntity<java.util.Map<java.lang.String, java.lang.Object>> org.springframework.boot.autoconfigure.web.servlet.error.BasicErrorController.error(javax.servlet.http.HttpServletRequest)
2018-10-26 at 13:37:05 CST INFO  org.springframework.web.servlet.handler.AbstractHandlerMethodMapping$MappingRegistry 549 register - Mapped "{[/error],produces=[text/html]}" onto public org.springframework.web.servlet.ModelAndView org.springframework.boot.autoconfigure.web.servlet.error.BasicErrorController.errorHtml(javax.servlet.http.HttpServletRequest,javax.servlet.http.HttpServletResponse)
2018-10-26 at 13:37:05 CST INFO  springfox.documentation.spring.web.PropertySourcedRequestMappingHandlerMapping 69 initHandlerMethods - Mapped URL path [/v2/api-docs] onto method [public org.springframework.http.ResponseEntity<springfox.documentation.spring.web.json.Json> springfox.documentation.swagger2.web.Swagger2Controller.getDocumentation(java.lang.String,javax.servlet.http.HttpServletRequest)]
2018-10-26 at 13:37:05 CST INFO  org.springframework.web.servlet.handler.AbstractUrlHandlerMapping 373 registerHandler - Mapped URL path [/**] onto handler of type [class org.springframework.web.servlet.resource.ResourceHttpRequestHandler]
2018-10-26 at 13:37:05 CST INFO  org.springframework.web.servlet.handler.AbstractUrlHandlerMapping 373 registerHandler - Mapped URL path [/swagger-ui.html] onto handler of type [class org.springframework.web.servlet.resource.ResourceHttpRequestHandler]
2018-10-26 at 13:37:05 CST INFO  org.springframework.web.servlet.handler.AbstractUrlHandlerMapping 373 registerHandler - Mapped URL path [/webjars/**] onto handler of type [class org.springframework.web.servlet.resource.ResourceHttpRequestHandler]
2018-10-26 at 13:37:05 CST INFO  org.springframework.web.servlet.mvc.method.annotation.RequestMappingHandlerAdapter 588 initControllerAdviceCache - Looking for @ControllerAdvice: org.springframework.boot.web.servlet.context.AnnotationConfigServletWebServerApplicationContext@6f80fafe: startup date [Fri Oct 26 13:37:02 CST 2018]; root of context hierarchy
2018-10-26 at 13:37:06 CST INFO  org.springframework.jmx.export.MBeanExporter 433 afterSingletonsInstantiated - Registering beans for JMX exposure on startup
2018-10-26 at 13:37:06 CST INFO  org.springframework.jmx.export.MBeanExporter 895 autodetect - Bean with name 'db1' has been autodetected for JMX exposure
2018-10-26 at 13:37:06 CST INFO  org.springframework.jmx.export.MBeanExporter 895 autodetect - Bean with name 'db2' has been autodetected for JMX exposure
2018-10-26 at 13:37:06 CST INFO  org.springframework.jmx.export.MBeanExporter 668 registerBeanInstance - Located MBean 'db1': registering with JMX server as MBean [com.zaxxer.hikari:name=db1,type=HikariDataSource]
2018-10-26 at 13:37:06 CST INFO  org.springframework.jmx.export.MBeanExporter 668 registerBeanInstance - Located MBean 'db2': registering with JMX server as MBean [com.zaxxer.hikari:name=db2,type=HikariDataSource]
2018-10-26 at 13:37:06 CST INFO  org.springframework.context.support.DefaultLifecycleProcessor$LifecycleGroup 356 start - Starting beans in phase 2147483647
2018-10-26 at 13:37:06 CST INFO  springfox.documentation.spring.web.plugins.DocumentationPluginsBootstrapper 160 start - Context refreshed
2018-10-26 at 13:37:06 CST INFO  springfox.documentation.spring.web.plugins.DocumentationPluginsBootstrapper 163 start - Found 1 custom documentation plugin(s)
2018-10-26 at 13:37:06 CST INFO  springfox.documentation.spring.web.scanners.ApiListingReferenceScanner 41 scan - Scanning for api listing references
2018-10-26 at 13:37:06 CST INFO  springfox.documentation.spring.web.readers.operation.CachingOperationNameGenerator 40 startingWith - Generating unique operation named: doAddUsingPOST_1
2018-10-26 at 13:37:06 CST INFO  springfox.documentation.spring.web.readers.operation.CachingOperationNameGenerator 40 startingWith - Generating unique operation named: doDeleteUsingDELETE_1
2018-10-26 at 13:37:06 CST INFO  springfox.documentation.spring.web.readers.operation.CachingOperationNameGenerator 40 startingWith - Generating unique operation named: doGetDetailUsingGET_1
2018-10-26 at 13:37:06 CST INFO  springfox.documentation.spring.web.readers.operation.CachingOperationNameGenerator 40 startingWith - Generating unique operation named: doUpdateUsingPUT_1
2018-10-26 at 13:37:06 CST INFO  springfox.documentation.spring.web.readers.operation.CachingOperationNameGenerator 40 startingWith - Generating unique operation named: getListUsingGET_1
2018-10-26 at 13:37:06 CST INFO  org.apache.juli.logging.DirectJDKLog 180 log - Starting ProtocolHandler ["http-nio-8080"]
2018-10-26 at 13:37:06 CST INFO  org.apache.juli.logging.DirectJDKLog 180 log - Using a shared selector for servlet write/read
2018-10-26 at 13:37:06 CST INFO  org.springframework.boot.web.embedded.tomcat.TomcatWebServer 206 start - Tomcat started on port(s): 8080 (http) with context path ''
2018-10-26 at 13:37:06 CST INFO  org.springframework.boot.StartupInfoLogger 59 logStarted - Started MutilDataSourceApplication in 4.856 seconds (JVM running for 7.312)
2018-10-26 at 13:37:57 CST INFO  org.apache.juli.logging.DirectJDKLog 180 log - Initializing Spring FrameworkServlet 'dispatcherServlet'
2018-10-26 at 13:37:57 CST INFO  org.springframework.web.servlet.FrameworkServlet 494 initServletBean - FrameworkServlet 'dispatcherServlet': initialization started
2018-10-26 at 13:37:57 CST INFO  org.springframework.web.servlet.FrameworkServlet 509 initServletBean - FrameworkServlet 'dispatcherServlet': initialization completed in 24 ms
2018-10-26 at 13:38:12 CST ERROR com.zaxxer.hikari.HikariConfig 1058 validate - HikariPool-1 - jdbcUrl is required with driverClassName.
2018-10-26 at 13:38:12 CST ERROR com.cz.mutildatasource.controller.AlarmController 50 getList - nested exception is org.apache.ibatis.exceptions.PersistenceException: 
### Error querying database.  Cause: java.lang.IllegalArgumentException: jdbcUrl is required with driverClassName.
### The error may exist in file [E:\ideaWorkspace\mutil-data-source\target\classes\mapper\db2\AlarmMapper.xml]
### The error may involve com.cz.mutildatasource.dao.mapper.db2.AlarmMapper.selectByPropertyByPage_COUNT
### The error occurred while executing a query
### Cause: java.lang.IllegalArgumentException: jdbcUrl is required with driverClassName.
2018-10-26 at 13:40:41 CST ERROR com.zaxxer.hikari.HikariConfig 1058 validate - HikariPool-2 - jdbcUrl is required with driverClassName.
2018-10-26 at 13:40:41 CST ERROR com.cz.mutildatasource.controller.DeviceController 50 getList - nested exception is org.apache.ibatis.exceptions.PersistenceException: 
### Error querying database.  Cause: java.lang.IllegalArgumentException: jdbcUrl is required with driverClassName.
### The error may exist in file [E:\ideaWorkspace\mutil-data-source\target\classes\mapper\db1\DeviceMapper.xml]
### The error may involve com.cz.mutildatasource.dao.mapper.db1.DeviceMapper.selectByPropertyByPage_COUNT
### The error occurred while executing a query
### Cause: java.lang.IllegalArgumentException: jdbcUrl is required with driverClassName.
2018-10-26 at 13:51:12 CST INFO  org.springframework.boot.StartupInfoLogger 50 logStarting - Starting MutilDataSourceApplication on DESKTOP-SI98SU1 with PID 18740 (E:\ideaWorkspace\mutil-data-source\target\classes started by caozhen in E:\ideaWorkspace\mutil-data-source)
2018-10-26 at 13:51:12 CST INFO  org.springframework.boot.SpringApplication 654 logStartupProfileInfo - No active profile set, falling back to default profiles: default
2018-10-26 at 13:51:12 CST INFO  org.springframework.context.support.AbstractApplicationContext 588 prepareRefresh - Refreshing org.springframework.boot.web.servlet.context.AnnotationConfigServletWebServerApplicationContext@63cd604c: startup date [Fri Oct 26 13:51:12 CST 2018]; root of context hierarchy
2018-10-26 at 13:51:14 CST INFO  org.springframework.context.support.PostProcessorRegistrationDelegate$BeanPostProcessorChecker 326 postProcessAfterInitialization - Bean 'org.springframework.transaction.annotation.ProxyTransactionManagementConfiguration' of type [org.springframework.transaction.annotation.ProxyTransactionManagementConfiguration$$EnhancerBySpringCGLIB$$ba20feae] is not eligible for getting processed by all BeanPostProcessors (for example: not eligible for auto-proxying)
2018-10-26 at 13:51:14 CST INFO  org.springframework.boot.web.embedded.tomcat.TomcatWebServer 91 initialize - Tomcat initialized with port(s): 8080 (http)
2018-10-26 at 13:51:14 CST INFO  org.apache.juli.logging.DirectJDKLog 180 log - Initializing ProtocolHandler ["http-nio-8080"]
2018-10-26 at 13:51:14 CST INFO  org.apache.juli.logging.DirectJDKLog 180 log - Starting service [Tomcat]
2018-10-26 at 13:51:14 CST INFO  org.apache.juli.logging.DirectJDKLog 180 log - Starting Servlet Engine: Apache Tomcat/8.5.34
2018-10-26 at 13:51:14 CST INFO  org.apache.juli.logging.DirectJDKLog 180 log - The APR based Apache Tomcat Native library which allows optimal performance in production environments was not found on the java.library.path: [C:\Program Files\Java\jdk1.8.0_152\bin;C:\WINDOWS\Sun\Java\bin;C:\WINDOWS\system32;C:\WINDOWS;C:\ProgramData\Oracle\Java\javapath;C:\Program Files (x86)\Intel\Intel(R) Management Engine Components\iCLS\;C:\Program Files\Intel\Intel(R) Management Engine Components\iCLS\;C:\Windows\system32;C:\Windows;C:\Windows\System32\Wbem;C:\Windows\System32\WindowsPowerShell\v1.0\;C:\Program Files (x86)\Intel\Intel(R) Management Engine Components\DAL;C:\Program Files\Intel\Intel(R) Management Engine Components\DAL;C:\Program Files (x86)\Intel\Intel(R) Management Engine Components\IPT;C:\Program Files\Intel\Intel(R) Management Engine Components\IPT;C:\Program Files (x86)\NVIDIA Corporation\PhysX\Common;C:\WINDOWS\system32;C:\WINDOWS;C:\WINDOWS\System32\Wbem;C:\WINDOWS\System32\WindowsPowerShell\v1.0\;C:\Program Files\TortoiseSVN\bin;"C:\Program Files\Java\jdk1.8.0_152\bin;C:\Program Files\Java\jdk1.8.0_152\jre\bin";C:\Program Files (x86)\Pandoc\;E:\soft\ideaIU-2017.3.5.win\plugins\maven\lib\maven3\bin;C:\Program Files\TortoiseGit\bin;C:\Program Files\Git\cmd;C:\WINDOWS\System32\OpenSSH\;C:\Users\caozhen\AppData\Local\Microsoft\WindowsApps;;.]
2018-10-26 at 13:51:14 CST INFO  org.apache.juli.logging.DirectJDKLog 180 log - Initializing Spring embedded WebApplicationContext
2018-10-26 at 13:51:14 CST INFO  org.springframework.boot.web.servlet.context.ServletWebServerApplicationContext 285 prepareWebApplicationContext - Root WebApplicationContext: initialization completed in 1813 ms
2018-10-26 at 13:51:14 CST INFO  org.springframework.boot.web.servlet.ServletRegistrationBean 187 addRegistration - Servlet dispatcherServlet mapped to [/]
2018-10-26 at 13:51:14 CST INFO  org.springframework.boot.web.servlet.AbstractFilterRegistrationBean 245 configure - Mapping filter: 'characterEncodingFilter' to: [/*]
2018-10-26 at 13:51:15 CST INFO  org.springframework.web.servlet.handler.AbstractHandlerMethodMapping$MappingRegistry 549 register - Mapped "{[/api/v1/alarms/{id}],methods=[DELETE]}" onto public com.code.base.util.utils.RestResponse com.cz.mutildatasource.controller.AlarmController.doDelete(java.lang.Long)
2018-10-26 at 13:51:15 CST INFO  org.springframework.web.servlet.handler.AbstractHandlerMethodMapping$MappingRegistry 549 register - Mapped "{[/api/v1/alarms],methods=[GET]}" onto public com.code.base.util.utils.RestResponse<com.github.pagehelper.PageInfo> com.cz.mutildatasource.controller.AlarmController.getList(java.lang.Integer,java.lang.Integer)
2018-10-26 at 13:51:15 CST INFO  org.springframework.web.servlet.handler.AbstractHandlerMethodMapping$MappingRegistry 549 register - Mapped "{[/api/v1/alarms/],methods=[POST]}" onto public com.code.base.util.utils.RestResponse com.cz.mutildatasource.controller.AlarmController.doAdd(com.cz.mutildatasource.entity.Alarm)
2018-10-26 at 13:51:15 CST INFO  org.springframework.web.servlet.handler.AbstractHandlerMethodMapping$MappingRegistry 549 register - Mapped "{[/api/v1/alarms/{id}],methods=[GET]}" onto public com.code.base.util.utils.RestResponse<com.cz.mutildatasource.entity.Alarm> com.cz.mutildatasource.controller.AlarmController.doGetDetail(java.lang.Long)
2018-10-26 at 13:51:15 CST INFO  org.springframework.web.servlet.handler.AbstractHandlerMethodMapping$MappingRegistry 549 register - Mapped "{[/api/v1/alarms/{id}],methods=[PUT]}" onto public com.code.base.util.utils.RestResponse com.cz.mutildatasource.controller.AlarmController.doUpdate(java.lang.Long,com.cz.mutildatasource.entity.Alarm)
2018-10-26 at 13:51:15 CST INFO  org.springframework.web.servlet.handler.AbstractHandlerMethodMapping$MappingRegistry 549 register - Mapped "{[/api/v1/devices/{id}],methods=[DELETE]}" onto public com.code.base.util.utils.RestResponse com.cz.mutildatasource.controller.DeviceController.doDelete(java.lang.Long)
2018-10-26 at 13:51:15 CST INFO  org.springframework.web.servlet.handler.AbstractHandlerMethodMapping$MappingRegistry 549 register - Mapped "{[/api/v1/devices],methods=[GET]}" onto public com.code.base.util.utils.RestResponse<com.github.pagehelper.PageInfo> com.cz.mutildatasource.controller.DeviceController.getList(java.lang.Integer,java.lang.Integer)
2018-10-26 at 13:51:15 CST INFO  org.springframework.web.servlet.handler.AbstractHandlerMethodMapping$MappingRegistry 549 register - Mapped "{[/api/v1/devices/],methods=[POST]}" onto public com.code.base.util.utils.RestResponse com.cz.mutildatasource.controller.DeviceController.doAdd(com.cz.mutildatasource.entity.Device)
2018-10-26 at 13:51:15 CST INFO  org.springframework.web.servlet.handler.AbstractHandlerMethodMapping$MappingRegistry 549 register - Mapped "{[/api/v1/devices/{id}],methods=[GET]}" onto public com.code.base.util.utils.RestResponse<com.cz.mutildatasource.entity.Device> com.cz.mutildatasource.controller.DeviceController.doGetDetail(java.lang.Long)
2018-10-26 at 13:51:15 CST INFO  org.springframework.web.servlet.handler.AbstractHandlerMethodMapping$MappingRegistry 549 register - Mapped "{[/api/v1/devices/{id}],methods=[PUT]}" onto public com.code.base.util.utils.RestResponse com.cz.mutildatasource.controller.DeviceController.doUpdate(java.lang.Long,com.cz.mutildatasource.entity.Device)
2018-10-26 at 13:51:15 CST INFO  org.springframework.web.servlet.handler.AbstractHandlerMethodMapping$MappingRegistry 549 register - Mapped "{[/swagger-resources/configuration/security]}" onto public org.springframework.http.ResponseEntity<springfox.documentation.swagger.web.SecurityConfiguration> springfox.documentation.swagger.web.ApiResourceController.securityConfiguration()
2018-10-26 at 13:51:15 CST INFO  org.springframework.web.servlet.handler.AbstractHandlerMethodMapping$MappingRegistry 549 register - Mapped "{[/swagger-resources]}" onto public org.springframework.http.ResponseEntity<java.util.List<springfox.documentation.swagger.web.SwaggerResource>> springfox.documentation.swagger.web.ApiResourceController.swaggerResources()
2018-10-26 at 13:51:15 CST INFO  org.springframework.web.servlet.handler.AbstractHandlerMethodMapping$MappingRegistry 549 register - Mapped "{[/swagger-resources/configuration/ui]}" onto public org.springframework.http.ResponseEntity<springfox.documentation.swagger.web.UiConfiguration> springfox.documentation.swagger.web.ApiResourceController.uiConfiguration()
2018-10-26 at 13:51:15 CST INFO  org.springframework.web.servlet.handler.AbstractHandlerMethodMapping$MappingRegistry 549 register - Mapped "{[/error]}" onto public org.springframework.http.ResponseEntity<java.util.Map<java.lang.String, java.lang.Object>> org.springframework.boot.autoconfigure.web.servlet.error.BasicErrorController.error(javax.servlet.http.HttpServletRequest)
2018-10-26 at 13:51:15 CST INFO  org.springframework.web.servlet.handler.AbstractHandlerMethodMapping$MappingRegistry 549 register - Mapped "{[/error],produces=[text/html]}" onto public org.springframework.web.servlet.ModelAndView org.springframework.boot.autoconfigure.web.servlet.error.BasicErrorController.errorHtml(javax.servlet.http.HttpServletRequest,javax.servlet.http.HttpServletResponse)
2018-10-26 at 13:51:15 CST INFO  springfox.documentation.spring.web.PropertySourcedRequestMappingHandlerMapping 69 initHandlerMethods - Mapped URL path [/v2/api-docs] onto method [public org.springframework.http.ResponseEntity<springfox.documentation.spring.web.json.Json> springfox.documentation.swagger2.web.Swagger2Controller.getDocumentation(java.lang.String,javax.servlet.http.HttpServletRequest)]
2018-10-26 at 13:51:15 CST INFO  org.springframework.web.servlet.handler.AbstractUrlHandlerMapping 373 registerHandler - Mapped URL path [/**] onto handler of type [class org.springframework.web.servlet.resource.ResourceHttpRequestHandler]
2018-10-26 at 13:51:15 CST INFO  org.springframework.web.servlet.handler.AbstractUrlHandlerMapping 373 registerHandler - Mapped URL path [/swagger-ui.html] onto handler of type [class org.springframework.web.servlet.resource.ResourceHttpRequestHandler]
2018-10-26 at 13:51:15 CST INFO  org.springframework.web.servlet.handler.AbstractUrlHandlerMapping 373 registerHandler - Mapped URL path [/webjars/**] onto handler of type [class org.springframework.web.servlet.resource.ResourceHttpRequestHandler]
2018-10-26 at 13:51:15 CST INFO  org.springframework.web.servlet.mvc.method.annotation.RequestMappingHandlerAdapter 588 initControllerAdviceCache - Looking for @ControllerAdvice: org.springframework.boot.web.servlet.context.AnnotationConfigServletWebServerApplicationContext@63cd604c: startup date [Fri Oct 26 13:51:12 CST 2018]; root of context hierarchy
2018-10-26 at 13:51:16 CST INFO  org.springframework.jmx.export.MBeanExporter 433 afterSingletonsInstantiated - Registering beans for JMX exposure on startup
2018-10-26 at 13:51:16 CST INFO  org.springframework.jmx.export.MBeanExporter 895 autodetect - Bean with name 'db1' has been autodetected for JMX exposure
2018-10-26 at 13:51:16 CST INFO  org.springframework.jmx.export.MBeanExporter 895 autodetect - Bean with name 'db2' has been autodetected for JMX exposure
2018-10-26 at 13:51:16 CST INFO  org.springframework.jmx.export.MBeanExporter 668 registerBeanInstance - Located MBean 'db1': registering with JMX server as MBean [com.zaxxer.hikari:name=db1,type=HikariDataSource]
2018-10-26 at 13:51:16 CST INFO  org.springframework.jmx.export.MBeanExporter 668 registerBeanInstance - Located MBean 'db2': registering with JMX server as MBean [com.zaxxer.hikari:name=db2,type=HikariDataSource]
2018-10-26 at 13:51:16 CST INFO  org.springframework.context.support.DefaultLifecycleProcessor$LifecycleGroup 356 start - Starting beans in phase 2147483647
2018-10-26 at 13:51:16 CST INFO  springfox.documentation.spring.web.plugins.DocumentationPluginsBootstrapper 160 start - Context refreshed
2018-10-26 at 13:51:16 CST INFO  springfox.documentation.spring.web.plugins.DocumentationPluginsBootstrapper 163 start - Found 1 custom documentation plugin(s)
2018-10-26 at 13:51:16 CST INFO  springfox.documentation.spring.web.scanners.ApiListingReferenceScanner 41 scan - Scanning for api listing references
2018-10-26 at 13:51:16 CST INFO  springfox.documentation.spring.web.readers.operation.CachingOperationNameGenerator 40 startingWith - Generating unique operation named: doAddUsingPOST_1
2018-10-26 at 13:51:16 CST INFO  springfox.documentation.spring.web.readers.operation.CachingOperationNameGenerator 40 startingWith - Generating unique operation named: doDeleteUsingDELETE_1
2018-10-26 at 13:51:16 CST INFO  springfox.documentation.spring.web.readers.operation.CachingOperationNameGenerator 40 startingWith - Generating unique operation named: doGetDetailUsingGET_1
2018-10-26 at 13:51:16 CST INFO  springfox.documentation.spring.web.readers.operation.CachingOperationNameGenerator 40 startingWith - Generating unique operation named: doUpdateUsingPUT_1
2018-10-26 at 13:51:16 CST INFO  springfox.documentation.spring.web.readers.operation.CachingOperationNameGenerator 40 startingWith - Generating unique operation named: getListUsingGET_1
2018-10-26 at 13:51:16 CST INFO  org.apache.juli.logging.DirectJDKLog 180 log - Starting ProtocolHandler ["http-nio-8080"]
2018-10-26 at 13:51:16 CST INFO  org.apache.juli.logging.DirectJDKLog 180 log - Using a shared selector for servlet write/read
2018-10-26 at 13:51:16 CST INFO  org.springframework.boot.web.embedded.tomcat.TomcatWebServer 206 start - Tomcat started on port(s): 8080 (http) with context path ''
2018-10-26 at 13:51:16 CST INFO  org.springframework.boot.StartupInfoLogger 59 logStarted - Started MutilDataSourceApplication in 4.216 seconds (JVM running for 5.763)
2018-10-26 at 13:51:36 CST INFO  org.apache.juli.logging.DirectJDKLog 180 log - Initializing Spring FrameworkServlet 'dispatcherServlet'
2018-10-26 at 13:51:36 CST INFO  org.springframework.web.servlet.FrameworkServlet 494 initServletBean - FrameworkServlet 'dispatcherServlet': initialization started
2018-10-26 at 13:51:36 CST INFO  org.springframework.web.servlet.FrameworkServlet 509 initServletBean - FrameworkServlet 'dispatcherServlet': initialization completed in 24 ms
2018-10-26 at 13:51:36 CST INFO  com.zaxxer.hikari.HikariDataSource 110 getConnection - HikariPool-1 - Starting...
2018-10-26 at 13:51:37 CST INFO  com.zaxxer.hikari.HikariDataSource 123 getConnection - HikariPool-1 - Start completed.
2018-10-26 at 13:51:37 CST DEBUG org.apache.ibatis.logging.jdbc.BaseJdbcLogger 159 debug - ==>  Preparing: SELECT count(0) FROM device WHERE 1 = 1 
2018-10-26 at 13:51:37 CST DEBUG org.apache.ibatis.logging.jdbc.BaseJdbcLogger 159 debug - ==> Parameters: 
2018-10-26 at 13:51:37 CST DEBUG org.apache.ibatis.logging.jdbc.BaseJdbcLogger 159 debug - <==      Total: 1
2018-10-26 at 13:51:37 CST DEBUG org.apache.ibatis.logging.jdbc.BaseJdbcLogger 159 debug - ==>  Preparing: select id, sn, device_no, tid, device_name, enable_time, main_period, pl_id, position_num, gateway_sn, device_num, photo, deleted, manufacture from device where 1=1 ORDER BY id desc 
2018-10-26 at 13:51:37 CST DEBUG org.apache.ibatis.logging.jdbc.BaseJdbcLogger 159 debug - ==> Parameters: 
2018-10-26 at 13:51:37 CST DEBUG org.apache.ibatis.logging.jdbc.BaseJdbcLogger 159 debug - <==      Total: 6
2018-10-26 at 13:51:52 CST INFO  com.zaxxer.hikari.HikariDataSource 110 getConnection - HikariPool-2 - Starting...
2018-10-26 at 13:51:52 CST INFO  com.zaxxer.hikari.HikariDataSource 123 getConnection - HikariPool-2 - Start completed.
2018-10-26 at 13:51:52 CST DEBUG org.apache.ibatis.logging.jdbc.BaseJdbcLogger 159 debug - ==>  Preparing: SELECT count(0) FROM t_alarm WHERE 1 = 1 
2018-10-26 at 13:51:52 CST DEBUG org.apache.ibatis.logging.jdbc.BaseJdbcLogger 159 debug - ==> Parameters: 
2018-10-26 at 13:51:52 CST DEBUG org.apache.ibatis.logging.jdbc.BaseJdbcLogger 159 debug - <==      Total: 1
2018-10-26 at 13:51:52 CST DEBUG org.apache.ibatis.logging.jdbc.BaseJdbcLogger 159 debug - ==>  Preparing: select id, warn_num, device_num, fault_code, warn_detail, warn_time, warn_type, warn_comment, solve_type, solve_person, solve_time, solve_status, solve_person_id from t_alarm where 1=1 ORDER BY id desc 
2018-10-26 at 13:51:52 CST DEBUG org.apache.ibatis.logging.jdbc.BaseJdbcLogger 159 debug - ==> Parameters: 
2018-10-26 at 13:51:52 CST DEBUG org.apache.ibatis.logging.jdbc.BaseJdbcLogger 159 debug - <==      Total: 41
2018-10-26 at 13:52:03 CST DEBUG org.apache.ibatis.logging.jdbc.BaseJdbcLogger 159 debug - ==>  Preparing: SELECT count(0) FROM t_alarm WHERE 1 = 1 
2018-10-26 at 13:52:03 CST DEBUG org.apache.ibatis.logging.jdbc.BaseJdbcLogger 159 debug - ==> Parameters: 
2018-10-26 at 13:52:03 CST DEBUG org.apache.ibatis.logging.jdbc.BaseJdbcLogger 159 debug - <==      Total: 1
2018-10-26 at 13:52:03 CST DEBUG org.apache.ibatis.logging.jdbc.BaseJdbcLogger 159 debug - ==>  Preparing: select id, warn_num, device_num, fault_code, warn_detail, warn_time, warn_type, warn_comment, solve_type, solve_person, solve_time, solve_status, solve_person_id from t_alarm where 1=1 ORDER BY id desc LIMIT ? 
2018-10-26 at 13:52:03 CST DEBUG org.apache.ibatis.logging.jdbc.BaseJdbcLogger 159 debug - ==> Parameters: 10(Integer)
2018-10-26 at 13:52:03 CST DEBUG org.apache.ibatis.logging.jdbc.BaseJdbcLogger 159 debug - <==      Total: 10
2018-10-26 at 13:54:11 CST DEBUG org.apache.ibatis.logging.jdbc.BaseJdbcLogger 159 debug - ==>  Preparing: select id, warn_num, device_num, fault_code, warn_detail, warn_time, warn_type, warn_comment, solve_type, solve_person, solve_time, solve_status, solve_person_id from t_alarm where id = ? 
2018-10-26 at 13:54:11 CST DEBUG org.apache.ibatis.logging.jdbc.BaseJdbcLogger 159 debug - ==> Parameters: 383(Long)
2018-10-26 at 13:54:11 CST DEBUG org.apache.ibatis.logging.jdbc.BaseJdbcLogger 159 debug - <==      Total: 1
2018-10-26 at 13:56:09 CST DEBUG org.apache.ibatis.logging.jdbc.BaseJdbcLogger 159 debug - ==>  Preparing: select id, sn, device_no, tid, device_name, enable_time, main_period, pl_id, position_num, gateway_sn, device_num, photo, deleted, manufacture from device where id = ? 
2018-10-26 at 13:56:09 CST DEBUG org.apache.ibatis.logging.jdbc.BaseJdbcLogger 159 debug - ==> Parameters: 164(Long)
2018-10-26 at 13:56:09 CST DEBUG org.apache.ibatis.logging.jdbc.BaseJdbcLogger 159 debug - <==      Total: 1
